postgres://hppoc:password@127.0.0.1:5432/fabricexplorer
<<<<<<<<<<<<<<<<<<<<<<<<<< Explorer Error >>>>>>>>>>>>>>>>>>>>>
{ Error: Failed to load gRPC binary module because it was not installed for the current system
Expected directory: node-v64-linux-x64-glibc
Found: [node-v57-linux-x64-glibc]
This problem can often be fixed by running "npm rebuild" on the current system
Original error: Cannot find module '/home/golu/Myapp/blockchain-explorer/node_modules/grpc/src/node/extension_binary/node-v64-linux-x64-glibc/grpc_node.node'
    at Object.<anonymous> (/home/golu/Myapp/blockchain-explorer/node_modules/grpc/src/grpc_extension.js:53:17)
    at Module._compile (internal/modules/cjs/loader.js:689:30)
    at Object.Module._extensions..js (internal/modules/cjs/loader.js:700:10)
    at Module.load (internal/modules/cjs/loader.js:599:32)
    at tryModuleLoad (internal/modules/cjs/loader.js:538:12)
    at Function.Module._load (internal/modules/cjs/loader.js:530:3)
    at Module.require (internal/modules/cjs/loader.js:637:17)
    at require (internal/modules/cjs/helpers.js:20:18)
    at Object.<anonymous> (/home/golu/Myapp/blockchain-explorer/node_modules/grpc/src/client.js:37:12)
    at Module._compile (internal/modules/cjs/loader.js:689:30) code: 'MODULE_NOT_FOUND' }
Received kill signal, shutting down gracefully
Closed out connections
postgres://hppoc:password@127.0.0.1:5432/fabricexplorer
<<<<<<<<<<<<<<<<<<<<<<<<<< Explorer Error >>>>>>>>>>>>>>>>>>>>>
{ Error: Cannot find module '/home/golu/Myapp/blockchain-explorer/node_modules/grpc/src/node/extension_binary/node-v64-linux-x64-glibc/grpc_node.node'
    at Function.Module._resolveFilename (internal/modules/cjs/loader.js:581:15)
    at Function.Module._load (internal/modules/cjs/loader.js:507:25)
    at Module.require (internal/modules/cjs/loader.js:637:17)
    at require (internal/modules/cjs/helpers.js:20:18)
    at Object.<anonymous> (/home/golu/Myapp/blockchain-explorer/node_modules/grpc/src/grpc_extension.js:32:13)
    at Module._compile (internal/modules/cjs/loader.js:689:30)
    at Object.Module._extensions..js (internal/modules/cjs/loader.js:700:10)
    at Module.load (internal/modules/cjs/loader.js:599:32)
    at tryModuleLoad (internal/modules/cjs/loader.js:538:12)
    at Function.Module._load (internal/modules/cjs/loader.js:530:3) code: 'MODULE_NOT_FOUND' }
Received kill signal, shutting down gracefully
Closed out connections
postgres://hppoc:password@127.0.0.1:5432/fabricexplorer
<<<<<<<<<<<<<<<<<<<<<<<<<< Explorer Error >>>>>>>>>>>>>>>>>>>>>
{ Error: The gRPC binary module was not installed. This may be fixed by running "npm rebuild"
Original error: Cannot find module '/home/golu/Myapp/blockchain-explorer/node_modules/grpc/src/node/extension_binary/node-v64-linux-x64-glibc/grpc_node.node'
    at Object.<anonymous> (/home/golu/Myapp/blockchain-explorer/node_modules/grpc/src/grpc_extension.js:43:17)
    at Module._compile (internal/modules/cjs/loader.js:689:30)
    at Object.Module._extensions..js (internal/modules/cjs/loader.js:700:10)
    at Module.load (internal/modules/cjs/loader.js:599:32)
    at tryModuleLoad (internal/modules/cjs/loader.js:538:12)
    at Function.Module._load (internal/modules/cjs/loader.js:530:3)
    at Module.require (internal/modules/cjs/loader.js:637:17)
    at require (internal/modules/cjs/helpers.js:20:18)
    at Object.<anonymous> (/home/golu/Myapp/blockchain-explorer/node_modules/grpc/src/client.js:37:12)
    at Module._compile (internal/modules/cjs/loader.js:689:30) code: 'MODULE_NOT_FOUND' }
Received kill signal, shutting down gracefully
Closed out connections
postgres://hppoc:password@127.0.0.1:5432/fabricexplorer
<<<<<<<<<<<<<<<<<<<<<<<<<< Explorer Error >>>>>>>>>>>>>>>>>>>>>
{ Error: The gRPC binary module was not installed. This may be fixed by running "npm rebuild"
Original error: Cannot find module '/home/golu/Myapp/blockchain-explorer/node_modules/grpc/src/node/extension_binary/node-v64-linux-x64-glibc/grpc_node.node'
    at Object.<anonymous> (/home/golu/Myapp/blockchain-explorer/node_modules/grpc/src/grpc_extension.js:43:17)
    at Module._compile (internal/modules/cjs/loader.js:689:30)
    at Object.Module._extensions..js (internal/modules/cjs/loader.js:700:10)
    at Module.load (internal/modules/cjs/loader.js:599:32)
    at tryModuleLoad (internal/modules/cjs/loader.js:538:12)
    at Function.Module._load (internal/modules/cjs/loader.js:530:3)
    at Module.require (internal/modules/cjs/loader.js:637:17)
    at require (internal/modules/cjs/helpers.js:20:18)
    at Object.<anonymous> (/home/golu/Myapp/blockchain-explorer/node_modules/grpc/src/client.js:37:12)
    at Module._compile (internal/modules/cjs/loader.js:689:30) code: 'MODULE_NOT_FOUND' }
Received kill signal, shutting down gracefully
Closed out connections
